<?xml version="1.0" encoding="UTF-8"?>
<!-- Generated by org.testng.reporters.JUnitReportReporter -->
<testsuite hostname="Sciencefreek" failures="0" tests="2" name="capstone.spicejet.tests.SjetLoginTest" time="178.167" errors="0" timestamp="2023-12-06T12:29:21 IST" skipped="0">
  <testcase classname="capstone.spicejet.tests.SjetLoginTest" name="loginTest" time="84.526"/>
  <system-out/>
  <testcase classname="capstone.spicejet.tests.SjetLoginTest" name="loginTest" time="93.641"/>
  <system-out/>
</testsuite> <!-- capstone.spicejet.tests.SjetLoginTest -->
