<?xml version="1.0" encoding="UTF-8"?>
<!-- Generated by org.testng.reporters.JUnitReportReporter -->
<testsuite hostname="Sciencefreek" failures="0" tests="2" name="capstone.spicejet.tests.RoundtripTest" time="91.271" errors="0" timestamp="2023-12-15T11:10:17 IST" skipped="0">
  <testcase classname="capstone.spicejet.tests.RoundtripTest" name="roundTrip" time="53.714"/>
  <system-out/>
  <testcase classname="capstone.spicejet.tests.RoundtripTest" name="roundTrip" time="37.557"/>
  <system-out/>
</testsuite> <!-- capstone.spicejet.tests.RoundtripTest -->
