<?xml version="1.0" encoding="UTF-8"?>
<!-- Generated by org.testng.reporters.JUnitReportReporter -->
<testsuite hostname="Sciencefreek" failures="0" tests="2" name="capstone.spicejet.tests.RoundtripTest" time="168.713" errors="0" timestamp="2023-12-13T15:08:46 IST" skipped="0">
  <testcase classname="capstone.spicejet.tests.RoundtripTest" name="roundTrip" time="89.256"/>
  <system-out/>
  <testcase classname="capstone.spicejet.tests.RoundtripTest" name="roundTrip" time="79.457"/>
  <system-out/>
</testsuite> <!-- capstone.spicejet.tests.RoundtripTest -->
