<?xml version="1.0" encoding="UTF-8"?>
<!-- Generated by org.testng.reporters.JUnitReportReporter -->
<testsuite hostname="Sciencefreek" failures="0" tests="2" name="capstone.spicejet.tests.CheckinTest" time="122.404" errors="0" timestamp="2023-12-13T16:09:19 IST" skipped="0">
  <testcase classname="capstone.spicejet.tests.CheckinTest" name="checkin" time="21.314"/>
  <system-out/>
  <testcase classname="capstone.spicejet.tests.CheckinTest" name="checkin" time="101.090"/>
  <system-out/>
</testsuite> <!-- capstone.spicejet.tests.CheckinTest -->
