<?xml version="1.0" encoding="UTF-8"?>
<!-- Generated by org.testng.reporters.JUnitReportReporter -->
<testsuite hostname="Sciencefreek" failures="0" tests="2" name="capstone.spicejet.tests.LinkVerifyTest" time="19.638" errors="0" timestamp="2023-12-13T15:08:46 IST" skipped="0">
  <testcase classname="capstone.spicejet.tests.LinkVerifyTest" name="signupTest1" time="8.702"/>
  <system-out/>
  <testcase classname="capstone.spicejet.tests.LinkVerifyTest" name="signupTest1" time="10.936"/>
  <system-out/>
</testsuite> <!-- capstone.spicejet.tests.LinkVerifyTest -->
