<?xml version="1.0" encoding="UTF-8"?>
<!-- Generated by org.testng.reporters.JUnitReportReporter -->
<testsuite hostname="Sciencefreek" failures="0" tests="2" name="capstone.spicejet.tests.ManageBookingTest" time="25.062" errors="0" timestamp="2023-12-15T11:10:17 IST" skipped="0">
  <testcase classname="capstone.spicejet.tests.ManageBookingTest" name="checkin" time="14.182"/>
  <system-out/>
  <testcase classname="capstone.spicejet.tests.ManageBookingTest" name="checkin" time="10.880"/>
  <system-out/>
</testsuite> <!-- capstone.spicejet.tests.ManageBookingTest -->
