<?xml version="1.0" encoding="UTF-8"?>
<!-- Generated by org.testng.reporters.JUnitReportReporter -->
<testsuite hostname="Sciencefreek" failures="0" tests="2" name="capstone.spicejet.tests.LinkVerifyTest" time="16.541" errors="0" timestamp="2023-12-13T16:09:19 IST" skipped="0">
  <testcase classname="capstone.spicejet.tests.LinkVerifyTest" name="signupTest1" time="6.880"/>
  <system-out/>
  <testcase classname="capstone.spicejet.tests.LinkVerifyTest" name="signupTest1" time="9.661"/>
  <system-out/>
</testsuite> <!-- capstone.spicejet.tests.LinkVerifyTest -->
