<?xml version="1.0" encoding="UTF-8"?>
<!-- Generated by org.testng.reporters.JUnitReportReporter -->
<testsuite hostname="Sciencefreek" failures="0" tests="2" name="capstone.spicejet.tests.SJsignupTest" time="82.191" errors="0" timestamp="2023-12-13T16:09:19 IST" skipped="0">
  <testcase classname="capstone.spicejet.tests.SJsignupTest" name="signupTest" time="41.932"/>
  <system-out/>
  <testcase classname="capstone.spicejet.tests.SJsignupTest" name="signupTest" time="40.259"/>
  <system-out/>
</testsuite> <!-- capstone.spicejet.tests.SJsignupTest -->
