<?xml version="1.0" encoding="UTF-8"?>
<!-- Generated by org.testng.reporters.JUnitReportReporter -->
<testsuite hostname="Sciencefreek" failures="0" tests="2" name="capstone.spicejet.tests.SJsignupTest" time="64.021" errors="0" timestamp="2023-12-15T11:10:17 IST" skipped="0">
  <testcase classname="capstone.spicejet.tests.SJsignupTest" name="signupTest" time="29.894"/>
  <system-out/>
  <testcase classname="capstone.spicejet.tests.SJsignupTest" name="signupTest" time="34.127"/>
  <system-out/>
</testsuite> <!-- capstone.spicejet.tests.SJsignupTest -->
