<?xml version="1.0" encoding="UTF-8"?>
<!-- Generated by org.testng.reporters.JUnitReportReporter -->
<testsuite hostname="Sciencefreek" failures="0" tests="2" name="capstone.spicejet.tests.CheckinTest" time="25.223" errors="0" timestamp="2023-12-15T11:10:17 IST" skipped="0">
  <testcase classname="capstone.spicejet.tests.CheckinTest" name="checkin" time="13.867"/>
  <system-out/>
  <testcase classname="capstone.spicejet.tests.CheckinTest" name="checkin" time="11.356"/>
  <system-out/>
</testsuite> <!-- capstone.spicejet.tests.CheckinTest -->
