<?xml version="1.0" encoding="UTF-8"?>
<!-- Generated by org.testng.reporters.JUnitReportReporter -->
<testsuite hostname="Sciencefreek" failures="0" tests="2" name="capstone.spicejet.tests.CheckinTest" time="141.776" errors="0" timestamp="2023-12-13T15:08:46 IST" skipped="0">
  <testcase classname="capstone.spicejet.tests.CheckinTest" name="checkin" time="121.310"/>
  <system-out/>
  <testcase classname="capstone.spicejet.tests.CheckinTest" name="checkin" time="20.466"/>
  <system-out/>
</testsuite> <!-- capstone.spicejet.tests.CheckinTest -->
