<?xml version="1.0" encoding="UTF-8"?>
<!-- Generated by org.testng.reporters.JUnitReportReporter -->
<testsuite hostname="Sciencefreek" failures="0" tests="1" name="capstone.spicejet.tests.CheckinTest" time="18.936" errors="0" timestamp="2023-12-12T11:05:16 IST" skipped="0">
  <testcase classname="capstone.spicejet.tests.CheckinTest" name="checkin" time="18.936"/>
  <system-out/>
</testsuite> <!-- capstone.spicejet.tests.CheckinTest -->
