<?xml version="1.0" encoding="UTF-8"?>
<!-- Generated by org.testng.reporters.JUnitReportReporter -->
<testsuite hostname="Sciencefreek" failures="0" tests="1" name="capstone.spicejet.tests.FlightStatusTest" time="100.705" errors="0" timestamp="2023-12-12T13:32:38 IST" skipped="0">
  <testcase classname="capstone.spicejet.tests.FlightStatusTest" name="checkin" time="100.705"/>
  <system-out/>
</testsuite> <!-- capstone.spicejet.tests.FlightStatusTest -->
