<?xml version="1.0" encoding="UTF-8"?>
<!-- Generated by org.testng.reporters.JUnitReportReporter -->
<testsuite hostname="Sciencefreek" failures="0" tests="2" name="capstone.spicejet.tests.ManageBookingTest" time="120.677" errors="0" timestamp="2023-12-13T16:09:19 IST" skipped="0">
  <testcase classname="capstone.spicejet.tests.ManageBookingTest" name="checkin" time="19.856"/>
  <system-out/>
  <testcase classname="capstone.spicejet.tests.ManageBookingTest" name="checkin" time="100.821"/>
  <system-out/>
</testsuite> <!-- capstone.spicejet.tests.ManageBookingTest -->
