<?xml version="1.0" encoding="UTF-8"?>
<!-- Generated by org.testng.reporters.JUnitReportReporter -->
<testsuite hostname="Sciencefreek" failures="0" tests="1" name="capstone.spicejet.tests.OnewayTest" time="409.940" errors="0" timestamp="2023-12-12T15:25:02 IST" skipped="0">
  <testcase classname="capstone.spicejet.tests.OnewayTest" name="OneWay" time="409.940"/>
  <system-out/>
</testsuite> <!-- capstone.spicejet.tests.OnewayTest -->
