<?xml version="1.0" encoding="UTF-8"?>
<!-- Generated by org.testng.reporters.JUnitReportReporter -->
<testsuite hostname="Sciencefreek" failures="0" tests="1" name="capstone.spicejet.tests.SjetLoginTest1" time="11.586" errors="0" timestamp="2023-12-15T11:10:17 IST" skipped="0">
  <testcase classname="capstone.spicejet.tests.SjetLoginTest1" name="loginTest" time="11.586"/>
  <system-out/>
</testsuite> <!-- capstone.spicejet.tests.SjetLoginTest1 -->
