<?xml version="1.0" encoding="UTF-8"?>
<!-- Generated by org.testng.reporters.JUnitReportReporter -->
<testsuite hostname="Sciencefreek" failures="0" tests="1" name="capstone.spicejet.tests.ManageBookingTest" time="21.180" errors="0" timestamp="2023-12-12T15:25:02 IST" skipped="0">
  <testcase classname="capstone.spicejet.tests.ManageBookingTest" name="checkin" time="21.180"/>
  <system-out/>
</testsuite> <!-- capstone.spicejet.tests.ManageBookingTest -->
