<?xml version="1.0" encoding="UTF-8"?>
<!-- Generated by org.testng.reporters.JUnitReportReporter -->
<testsuite hostname="Sciencefreek" failures="0" tests="2" name="capstone.spicejet.tests.ManageBookingTest" time="45.828" errors="0" timestamp="2023-12-13T15:08:46 IST" skipped="0">
  <testcase classname="capstone.spicejet.tests.ManageBookingTest" name="checkin" time="21.707"/>
  <system-out/>
  <testcase classname="capstone.spicejet.tests.ManageBookingTest" name="checkin" time="24.121"/>
  <system-out/>
</testsuite> <!-- capstone.spicejet.tests.ManageBookingTest -->
