<?xml version="1.0" encoding="UTF-8"?>
<!-- Generated by org.testng.reporters.JUnitReportReporter -->
<testsuite hostname="Sciencefreek" failures="0" tests="2" name="capstone.spicejet.tests.LinkVerifyTest" time="8.512" errors="0" timestamp="2023-12-15T11:10:17 IST" skipped="0">
  <testcase classname="capstone.spicejet.tests.LinkVerifyTest" name="signupTest1" time="4.526"/>
  <system-out/>
  <testcase classname="capstone.spicejet.tests.LinkVerifyTest" name="signupTest1" time="3.986"/>
  <system-out/>
</testsuite> <!-- capstone.spicejet.tests.LinkVerifyTest -->
