<?xml version="1.0" encoding="UTF-8"?>
<!-- Generated by org.testng.reporters.JUnitReportReporter -->
<testsuite hostname="Sciencefreek" failures="0" tests="1" name="capstone.spicejet.tests.RoundtripTest" time="72.008" errors="0" timestamp="2023-12-12T07:14:37 IST" skipped="0">
  <testcase classname="capstone.spicejet.tests.RoundtripTest" name="roundTrip" time="72.008"/>
  <system-out/>
</testsuite> <!-- capstone.spicejet.tests.RoundtripTest -->
