<?xml version="1.0" encoding="UTF-8"?>
<!-- Generated by org.testng.reporters.JUnitReportReporter -->
<testsuite hostname="Sciencefreek" failures="0" tests="2" name="capstone.spicejet.tests.FlightStatusTest" time="22.623" errors="0" timestamp="2023-12-15T11:10:17 IST" skipped="0">
  <testcase classname="capstone.spicejet.tests.FlightStatusTest" name="checkin" time="9.408"/>
  <system-out/>
  <testcase classname="capstone.spicejet.tests.FlightStatusTest" name="checkin" time="13.215"/>
  <system-out/>
</testsuite> <!-- capstone.spicejet.tests.FlightStatusTest -->
