<?xml version="1.0" encoding="UTF-8"?>
<!-- Generated by org.testng.reporters.JUnitReportReporter -->
<testsuite hostname="Sciencefreek" failures="0" tests="2" name="capstone.spicejet.tests.SjetLoginTest" time="18.163" errors="0" timestamp="2023-12-15T11:10:17 IST" skipped="0">
  <testcase classname="capstone.spicejet.tests.SjetLoginTest" name="loginTest" time="7.566"/>
  <system-out/>
  <testcase classname="capstone.spicejet.tests.SjetLoginTest" name="loginTest" time="10.597"/>
  <system-out/>
</testsuite> <!-- capstone.spicejet.tests.SjetLoginTest -->
