<?xml version="1.0" encoding="UTF-8"?>
<!-- Generated by org.testng.reporters.JUnitReportReporter -->
<testsuite hostname="Sciencefreek" failures="0" tests="2" name="capstone.spicejet.tests.SJsignupTest" time="88.392" errors="0" timestamp="2023-12-06T11:48:02 IST" skipped="0">
  <testcase classname="capstone.spicejet.tests.SJsignupTest" name="signupTest" time="47.277"/>
  <system-out/>
  <testcase classname="capstone.spicejet.tests.SJsignupTest" name="signupTest" time="41.115"/>
  <system-out/>
</testsuite> <!-- capstone.spicejet.tests.SJsignupTest -->
