<?xml version="1.0" encoding="UTF-8"?>
<!-- Generated by org.testng.reporters.JUnitReportReporter -->
<testsuite hostname="Sciencefreek" failures="0" tests="2" name="capstone.spicejet.tests.OnewayTest" time="116.430" errors="0" timestamp="2023-12-15T11:10:17 IST" skipped="0">
  <testcase classname="capstone.spicejet.tests.OnewayTest" name="OneWay" time="33.647"/>
  <system-out/>
  <testcase classname="capstone.spicejet.tests.OnewayTest" name="OneWay" time="82.783"/>
  <system-out/>
</testsuite> <!-- capstone.spicejet.tests.OnewayTest -->
