<?xml version="1.0" encoding="UTF-8"?>
<!-- Generated by org.testng.reporters.JUnitReportReporter -->
<testsuite hostname="Sciencefreek" failures="0" tests="2" name="capstone.spicejet.tests.SjetLoginTest" time="35.077" errors="0" timestamp="2023-12-13T16:09:19 IST" skipped="0">
  <testcase classname="capstone.spicejet.tests.SjetLoginTest" name="loginTest" time="18.137"/>
  <system-out/>
  <testcase classname="capstone.spicejet.tests.SjetLoginTest" name="loginTest" time="16.940"/>
  <system-out/>
</testsuite> <!-- capstone.spicejet.tests.SjetLoginTest -->
