<?xml version="1.0" encoding="UTF-8"?>
<!-- Generated by org.testng.reporters.JUnitReportReporter -->
<testsuite hostname="Sciencefreek" failures="0" tests="2" name="capstone.spicejet.tests.RoundtripTest" time="538.639" errors="0" timestamp="2023-12-13T16:09:19 IST" skipped="0">
  <testcase classname="capstone.spicejet.tests.RoundtripTest" name="roundTrip" time="468.185"/>
  <system-out/>
  <testcase classname="capstone.spicejet.tests.RoundtripTest" name="roundTrip" time="70.454"/>
  <system-out/>
</testsuite> <!-- capstone.spicejet.tests.RoundtripTest -->
